# JRE version: Java(TM) SE Runtime Environment (8.0_131-b11) (build 1.8.0_131-b11)
# Java VM: Java HotSpot(TM) 64-Bit Server VM (25.131-b11 mixed mode linux-amd64 compressed oops)
Heap:
 PSYoungGen      total 132608K, used 4672K [0x00000000ec500000, 0x00000000f5400000, 0x0000000100000000)
  eden space 120832K, 0% used [0x00000000ec500000,0x00000000ec500000,0x00000000f3b00000)
  from space 11776K, 39% used [0x00000000f3b00000,0x00000000f3f90010,0x00000000f4680000)
  to   space 9728K, 0% used [0x00000000f4680000,0x00000000f4680000,0x00000000f5000000)
 ParOldGen       total 40960K, used 25051K [0x00000000c4e00000, 0x00000000c7600000, 0x00000000ec500000)
  object space 40960K, 61% used [0x00000000c4e00000,0x00000000c6676c78,0x00000000c7600000)
 Metaspace       used 3462K, capacity 4566K, committed 4864K, reserved 1056768K
  class space    used 373K, capacity 390K, committed 512K, reserved 1048576K
GC Heap History (10 events):
Event: 2.306 GC heap after
Heap after GC invocations=2 (full 0):
 PSYoungGen      total 33280K, used 1966K [0x00000000ec500000, 0x00000000ee800000, 0x0000000100000000)
  eden space 30720K, 0% used [0x00000000ec500000,0x00000000ec500000,0x00000000ee300000)
  from space 2560K, 76% used [0x00000000ee580000,0x00000000ee76bbc8,0x00000000ee800000)
  to   space 2560K, 0% used [0x00000000ee300000,0x00000000ee300000,0x00000000ee580000)
 ParOldGen       total 40960K, used 10384K [0x00000000c4e00000, 0x00000000c7600000, 0x00000000ec500000)
  object space 40960K, 25% used [0x00000000c4e00000,0x00000000c5824010,0x00000000c7600000)
 Metaspace       used 3430K, capacity 4566K, committed 4864K, reserved 1056768K
  class space    used 373K, capacity 390K, committed 512K, reserved 1048576K
}
Event: 2.709 GC heap before
{Heap before GC invocations=3 (full 0):
 PSYoungGen      total 33280K, used 32686K [0x00000000ec500000, 0x00000000ee800000, 0x0000000100000000)
  eden space 30720K, 100% used [0x00000000ec500000,0x00000000ee300000,0x00000000ee300000)
  from space 2560K, 76% used [0x00000000ee580000,0x00000000ee76bbc8,0x00000000ee800000)
  to   space 2560K, 0% used [0x00000000ee300000,0x00000000ee300000,0x00000000ee580000)
 ParOldGen       total 40960K, used 10384K [0x00000000c4e00000, 0x00000000c7600000, 0x00000000ec500000)
  object space 40960K, 25% used [0x00000000c4e00000,0x00000000c5824010,0x00000000c7600000)
 Metaspace       used 3462K, capacity 4566K, committed 4864K, reserved 1056768K
  class space    used 373K, capacity 390K, committed 512K, reserved 1048576K
Event: 2.712 GC heap after
Heap after GC invocations=3 (full 0):
 PSYoungGen      total 33280K, used 1792K [0x00000000ec500000, 0x00000000f0600000, 0x0000000100000000)
  eden space 30720K, 0% used [0x00000000ec500000,0x00000000ec500000,0x00000000ee300000)
  from space 2560K, 70% used [0x00000000ee300000,0x00000000ee4c0030,0x00000000ee580000)
  to   space 2560K, 0% used [0x00000000f0380000,0x00000000f0380000,0x00000000f0600000)
 ParOldGen       total 40960K, used 12950K [0x00000000c4e00000, 0x00000000c7600000, 0x00000000ec500000)
  object space 40960K, 31% used [0x00000000c4e00000,0x00000000c5aa5b78,0x00000000c7600000)
 Metaspace       used 3462K, capacity 4566K, committed 4864K, reserved 1056768K
  class space    used 373K, capacity 390K, committed 512K, reserved 1048576K
}
Event: 2.795 GC heap before
{Heap before GC invocations=4 (full 0):
 PSYoungGen      total 33280K, used 31155K [0x00000000ec500000, 0x00000000f0600000, 0x0000000100000000)
  eden space 30720K, 95% used [0x00000000ec500000,0x00000000ee1acbe8,0x00000000ee300000)
  from space 2560K, 70% used [0x00000000ee300000,0x00000000ee4c0030,0x00000000ee580000)
  to   space 2560K, 0% used [0x00000000f0380000,0x00000000f0380000,0x00000000f0600000)
 ParOldGen       total 40960K, used 12950K [0x00000000c4e00000, 0x00000000c7600000, 0x00000000ec500000)
  object space 40960K, 31% used [0x00000000c4e00000,0x00000000c5aa5b78,0x00000000c7600000)
 Metaspace       used 3462K, capacity 4566K, committed 4864K, reserved 1056768K
  class space    used 373K, capacity 390K, committed 512K, reserved 1048576K
Event: 2.800 GC heap after
Heap after GC invocations=4 (full 0):
 PSYoungGen      total 64000K, used 592K [0x00000000ec500000, 0x00000000f0600000, 0x0000000100000000)
  eden space 61440K, 0% used [0x00000000ec500000,0x00000000ec500000,0x00000000f0100000)
  from space 2560K, 23% used [0x00000000f0380000,0x00000000f0414050,0x00000000f0600000)
  to   space 2560K, 0% used [0x00000000f0100000,0x00000000f0100000,0x00000000f0380000)
 ParOldGen       total 40960K, used 22174K [0x00000000c4e00000, 0x00000000c7600000, 0x00000000ec500000)
  object space 40960K, 54% used [0x00000000c4e00000,0x00000000c63a7b88,0x00000000c7600000)
 Metaspace       used 3462K, capacity 4566K, committed 4864K, reserved 1056768K
  class space    used 373K, capacity 390K, committed 512K, reserved 1048576K
}
Event: 3.045 GC heap before
{Heap before GC invocations=5 (full 0):
 PSYoungGen      total 64000K, used 59698K [0x00000000ec500000, 0x00000000f0600000, 0x0000000100000000)
  eden space 61440K, 96% used [0x00000000ec500000,0x00000000efeb8ae8,0x00000000f0100000)
  from space 2560K, 23% used [0x00000000f0380000,0x00000000f0414050,0x00000000f0600000)
  to   space 2560K, 0% used [0x00000000f0100000,0x00000000f0100000,0x00000000f0380000)
 ParOldGen       total 40960K, used 22174K [0x00000000c4e00000, 0x00000000c7600000, 0x00000000ec500000)
  object space 40960K, 54% used [0x00000000c4e00000,0x00000000c63a7b88,0x00000000c7600000)
 Metaspace       used 3462K, capacity 4566K, committed 4864K, reserved 1056768K
  class space    used 373K, capacity 390K, committed 512K, reserved 1048576K
Event: 3.047 GC heap after
Heap after GC invocations=5 (full 0):
 PSYoungGen      total 64000K, used 2544K [0x00000000ec500000, 0x00000000f5000000, 0x0000000100000000)
  eden space 61440K, 0% used [0x00000000ec500000,0x00000000ec500000,0x00000000f0100000)
  from space 2560K, 99% used [0x00000000f0100000,0x00000000f037c020,0x00000000f0380000)
  to   space 9728K, 0% used [0x00000000f4680000,0x00000000f4680000,0x00000000f5000000)
 ParOldGen       total 40960K, used 24799K [0x00000000c4e00000, 0x00000000c7600000, 0x00000000ec500000)
  object space 40960K, 60% used [0x00000000c4e00000,0x00000000c6637c28,0x00000000c7600000)
 Metaspace       used 3462K, capacity 4566K, committed 4864K, reserved 1056768K
  class space    used 373K, capacity 390K, committed 512K, reserved 1048576K
}
Event: 3.231 GC heap before
{Heap before GC invocations=6 (full 0):
 PSYoungGen      total 64000K, used 63984K [0x00000000ec500000, 0x00000000f5000000, 0x0000000100000000)
  eden space 61440K, 100% used [0x00000000ec500000,0x00000000f0100000,0x00000000f0100000)
  from space 2560K, 99% used [0x00000000f0100000,0x00000000f037c020,0x00000000f0380000)
  to   space 9728K, 0% used [0x00000000f4680000,0x00000000f4680000,0x00000000f5000000)
 ParOldGen       total 40960K, used 24799K [0x00000000c4e00000, 0x00000000c7600000, 0x00000000ec500000)
  object space 40960K, 60% used [0x00000000c4e00000,0x00000000c6637c28,0x00000000c7600000)
 Metaspace       used 3462K, capacity 4566K, committed 4864K, reserved 1056768K
  class space    used 373K, capacity 390K, committed 512K, reserved 1048576K
Event: 3.236 GC heap after
Heap after GC invocations=6 (full 0):
 PSYoungGen      total 130560K, used 9488K [0x00000000ec500000, 0x00000000f5400000, 0x0000000100000000)
  eden space 120832K, 0% used [0x00000000ec500000,0x00000000ec500000,0x00000000f3b00000)
  from space 9728K, 97% used [0x00000000f4680000,0x00000000f4fc4020,0x00000000f5000000)
  to   space 11776K, 0% used [0x00000000f3b00000,0x00000000f3b00000,0x00000000f4680000)
 ParOldGen       total 40960K, used 24799K [0x00000000c4e00000, 0x00000000c7600000, 0x00000000ec500000)
  object space 40960K, 60% used [0x00000000c4e00000,0x00000000c6637c28,0x00000000c7600000)
 Metaspace       used 3462K, capacity 4566K, committed 4864K, reserved 1056768K
  class space    used 373K, capacity 390K, committed 512K, reserved 1048576K
}
Event: 3.959 GC heap before
{Heap before GC invocations=7 (full 0):
 PSYoungGen      total 130560K, used 121124K [0x00000000ec500000, 0x00000000f5400000, 0x0000000100000000)
  eden space 120832K, 92% used [0x00000000ec500000,0x00000000f3205330,0x00000000f3b00000)
  from space 9728K, 97% used [0x00000000f4680000,0x00000000f4fc4020,0x00000000f5000000)
  to   space 11776K, 0% used [0x00000000f3b00000,0x00000000f3b00000,0x00000000f4680000)
 ParOldGen       total 40960K, used 24799K [0x00000000c4e00000, 0x00000000c7600000, 0x00000000ec500000)
  object space 40960K, 60% used [0x00000000c4e00000,0x00000000c6637c28,0x00000000c7600000)
 Metaspace       used 3462K, capacity 4566K, committed 4864K, reserved 1056768K
  class space    used 373K, capacity 390K, committed 512K, reserved 1048576K

