# JRE version: Java(TM) SE Runtime Environment (8.0_131-b11) (build 1.8.0_131-b11)
# Java VM: Java HotSpot(TM) 64-Bit Server VM (25.131-b11 mixed mode linux-amd64 compressed oops)
Heap:
 PSYoungGen      total 138752K, used 2336K [0x00000000ec500000, 0x00000000f5400000, 0x0000000100000000)
  eden space 131072K, 0% used [0x00000000ec500000,0x00000000ec500000,0x00000000f4500000)
  from space 7680K, 30% used [0x00000000f4500000,0x00000000f4748010,0x00000000f4c80000)
  to   space 4608K, 0% used [0x00000000f4f80000,0x00000000f4f80000,0x00000000f5400000)
 ParOldGen       total 77312K, used 39595K [0x00000000c4e00000, 0x00000000c9980000, 0x00000000ec500000)
  object space 77312K, 51% used [0x00000000c4e00000,0x00000000c74aae30,0x00000000c9980000)
 Metaspace       used 3462K, capacity 4566K, committed 4864K, reserved 1056768K
  class space    used 373K, capacity 390K, committed 512K, reserved 1048576K
GC Heap History (10 events):
Event: 4.435 GC heap after
Heap after GC invocations=15 (full 3):
 PSYoungGen      total 108544K, used 0K [0x00000000ec500000, 0x00000000f3700000, 0x0000000100000000)
  eden space 101376K, 0% used [0x00000000ec500000,0x00000000ec500000,0x00000000f2800000)
  from space 7168K, 0% used [0x00000000f3000000,0x00000000f3000000,0x00000000f3700000)
  to   space 7680K, 0% used [0x00000000f2800000,0x00000000f2800000,0x00000000f2f80000)
 ParOldGen       total 77312K, used 16895K [0x00000000c4e00000, 0x00000000c9980000, 0x00000000ec500000)
  object space 77312K, 21% used [0x00000000c4e00000,0x00000000c5e7fce8,0x00000000c9980000)
 Metaspace       used 3462K, capacity 4566K, committed 4864K, reserved 1056768K
  class space    used 373K, capacity 390K, committed 512K, reserved 1048576K
}
Event: 4.798 GC heap before
{Heap before GC invocations=16 (full 3):
 PSYoungGen      total 108544K, used 101260K [0x00000000ec500000, 0x00000000f3700000, 0x0000000100000000)
  eden space 101376K, 99% used [0x00000000ec500000,0x00000000f27e3090,0x00000000f2800000)
  from space 7168K, 0% used [0x00000000f3000000,0x00000000f3000000,0x00000000f3700000)
  to   space 7680K, 0% used [0x00000000f2800000,0x00000000f2800000,0x00000000f2f80000)
 ParOldGen       total 77312K, used 16895K [0x00000000c4e00000, 0x00000000c9980000, 0x00000000ec500000)
  object space 77312K, 21% used [0x00000000c4e00000,0x00000000c5e7fce8,0x00000000c9980000)
 Metaspace       used 3462K, capacity 4566K, committed 4864K, reserved 1056768K
  class space    used 373K, capacity 390K, committed 512K, reserved 1048576K
Event: 4.801 GC heap after
Heap after GC invocations=16 (full 3):
 PSYoungGen      total 109056K, used 4640K [0x00000000ec500000, 0x00000000f4500000, 0x0000000100000000)
  eden space 101376K, 0% used [0x00000000ec500000,0x00000000ec500000,0x00000000f2800000)
  from space 7680K, 60% used [0x00000000f2800000,0x00000000f2c88020,0x00000000f2f80000)
  to   space 8192K, 0% used [0x00000000f3d00000,0x00000000f3d00000,0x00000000f4500000)
 ParOldGen       total 77312K, used 25771K [0x00000000c4e00000, 0x00000000c9980000, 0x00000000ec500000)
  object space 77312K, 33% used [0x00000000c4e00000,0x00000000c672ae10,0x00000000c9980000)
 Metaspace       used 3462K, capacity 4566K, committed 4864K, reserved 1056768K
  class space    used 373K, capacity 390K, committed 512K, reserved 1048576K
}
Event: 5.168 GC heap before
{Heap before GC invocations=17 (full 3):
 PSYoungGen      total 109056K, used 106016K [0x00000000ec500000, 0x00000000f4500000, 0x0000000100000000)
  eden space 101376K, 100% used [0x00000000ec500000,0x00000000f2800000,0x00000000f2800000)
  from space 7680K, 60% used [0x00000000f2800000,0x00000000f2c88020,0x00000000f2f80000)
  to   space 8192K, 0% used [0x00000000f3d00000,0x00000000f3d00000,0x00000000f4500000)
 ParOldGen       total 77312K, used 25771K [0x00000000c4e00000, 0x00000000c9980000, 0x00000000ec500000)
  object space 77312K, 33% used [0x00000000c4e00000,0x00000000c672ae10,0x00000000c9980000)
 Metaspace       used 3462K, capacity 4566K, committed 4864K, reserved 1056768K
  class space    used 373K, capacity 390K, committed 512K, reserved 1048576K
Event: 5.170 GC heap after
Heap after GC invocations=17 (full 3):
 PSYoungGen      total 118784K, used 32K [0x00000000ec500000, 0x00000000f4280000, 0x0000000100000000)
  eden space 113152K, 0% used [0x00000000ec500000,0x00000000ec500000,0x00000000f3380000)
  from space 5632K, 0% used [0x00000000f3d00000,0x00000000f3d08000,0x00000000f4280000)
  to   space 7680K, 0% used [0x00000000f3380000,0x00000000f3380000,0x00000000f3b00000)
 ParOldGen       total 77312K, used 34987K [0x00000000c4e00000, 0x00000000c9980000, 0x00000000ec500000)
  object space 77312K, 45% used [0x00000000c4e00000,0x00000000c702ae20,0x00000000c9980000)
 Metaspace       used 3462K, capacity 4566K, committed 4864K, reserved 1056768K
  class space    used 373K, capacity 390K, committed 512K, reserved 1048576K
}
Event: 9.694 GC heap before
{Heap before GC invocations=18 (full 3):
 PSYoungGen      total 118784K, used 113036K [0x00000000ec500000, 0x00000000f4280000, 0x0000000100000000)
  eden space 113152K, 99% used [0x00000000ec500000,0x00000000f335b1f0,0x00000000f3380000)
  from space 5632K, 0% used [0x00000000f3d00000,0x00000000f3d08000,0x00000000f4280000)
  to   space 7680K, 0% used [0x00000000f3380000,0x00000000f3380000,0x00000000f3b00000)
 ParOldGen       total 77312K, used 34987K [0x00000000c4e00000, 0x00000000c9980000, 0x00000000ec500000)
  object space 77312K, 45% used [0x00000000c4e00000,0x00000000c702ae20,0x00000000c9980000)
 Metaspace       used 3462K, capacity 4566K, committed 4864K, reserved 1056768K
  class space    used 373K, capacity 390K, committed 512K, reserved 1048576K
Event: 11.555 GC heap after
Heap after GC invocations=18 (full 3):
 PSYoungGen      total 120832K, used 4640K [0x00000000ec500000, 0x00000000f5780000, 0x0000000100000000)
  eden space 113152K, 0% used [0x00000000ec500000,0x00000000ec500000,0x00000000f3380000)
  from space 7680K, 60% used [0x00000000f3380000,0x00000000f3808010,0x00000000f3b00000)
  to   space 8192K, 0% used [0x00000000f4f80000,0x00000000f4f80000,0x00000000f5780000)
 ParOldGen       total 77312K, used 39595K [0x00000000c4e00000, 0x00000000c9980000, 0x00000000ec500000)
  object space 77312K, 51% used [0x00000000c4e00000,0x00000000c74aae30,0x00000000c9980000)
 Metaspace       used 3462K, capacity 4566K, committed 4864K, reserved 1056768K
  class space    used 373K, capacity 390K, committed 512K, reserved 1048576K
}
Event: 17.136 GC heap before
{Heap before GC invocations=19 (full 3):
 PSYoungGen      total 120832K, used 117331K [0x00000000ec500000, 0x00000000f5780000, 0x0000000100000000)
  eden space 113152K, 99% used [0x00000000ec500000,0x00000000f330cf90,0x00000000f3380000)
  from space 7680K, 60% used [0x00000000f3380000,0x00000000f3808010,0x00000000f3b00000)
  to   space 8192K, 0% used [0x00000000f4f80000,0x00000000f4f80000,0x00000000f5780000)
 ParOldGen       total 77312K, used 39595K [0x00000000c4e00000, 0x00000000c9980000, 0x00000000ec500000)
  object space 77312K, 51% used [0x00000000c4e00000,0x00000000c74aae30,0x00000000c9980000)
 Metaspace       used 3462K, capacity 4566K, committed 4864K, reserved 1056768K
  class space    used 373K, capacity 390K, committed 512K, reserved 1048576K
Event: 17.272 GC heap after
Heap after GC invocations=19 (full 3):
 PSYoungGen      total 135680K, used 2336K [0x00000000ec500000, 0x00000000f5400000, 0x0000000100000000)
  eden space 131072K, 0% used [0x00000000ec500000,0x00000000ec500000,0x00000000f4500000)
  from space 4608K, 50% used [0x00000000f4f80000,0x00000000f51c8020,0x00000000f5400000)
  to   space 7680K, 0% used [0x00000000f4500000,0x00000000f4500000,0x00000000f4c80000)
 ParOldGen       total 77312K, used 39595K [0x00000000c4e00000, 0x00000000c9980000, 0x00000000ec500000)
  object space 77312K, 51% used [0x00000000c4e00000,0x00000000c74aae30,0x00000000c9980000)
 Metaspace       used 3462K, capacity 4566K, committed 4864K, reserved 1056768K
  class space    used 373K, capacity 390K, committed 512K, reserved 1048576K
}
Event: 19.475 GC heap before
{Heap before GC invocations=20 (full 3):
 PSYoungGen      total 135680K, used 130612K [0x00000000ec500000, 0x00000000f5400000, 0x0000000100000000)
  eden space 131072K, 97% used [0x00000000ec500000,0x00000000f42451d0,0x00000000f4500000)
  from space 4608K, 50% used [0x00000000f4f80000,0x00000000f51c8020,0x00000000f5400000)
  to   space 7680K, 0% used [0x00000000f4500000,0x00000000f4500000,0x00000000f4c80000)
 ParOldGen       total 77312K, used 39595K [0x00000000c4e00000, 0x00000000c9980000, 0x00000000ec500000)
  object space 77312K, 51% used [0x00000000c4e00000,0x00000000c74aae30,0x00000000c9980000)
 Metaspace       used 3462K, capacity 4566K, committed 4864K, reserved 1056768K
  class space    used 373K, capacity 390K, committed 512K, reserved 1048576K

